{"level":"error","timestamp":"2026-02-23T16:36:28.675+0300","msg":"invalid CreateRequest.Name: value does not match regex pattern \"^[a-zA-Z0-9]+$\"","method":"/user_v1.UserV1/Create","req":"name:\"elit magna irure cillum\"  email:\"dolore veniam consectetur in ut\"  password:\"cupidatat Ut\"  password_confirm:\"cupidatat Ut\""}
{"level":"info","timestamp":"2026-02-23T16:36:28.677+0300","msg":"request","method":"/user_v1.UserV1/Create","req":"name:\"elit magna irure cillum\"  email:\"dolore veniam consectetur in ut\"  password:\"cupidatat Ut\"  password_confirm:\"cupidatat Ut\"","res":null,"duration":0.0017253}
{"level":"error","timestamp":"2026-02-23T16:36:58.263+0300","msg":"invalid CreateRequest.Role: value must not be in list [USER]","method":"/user_v1.UserV1/Create","req":"name:\"elitmagnairillum\"  email:\"doloreveniamconsectetur@mail.ru\"  password:\"cupidatat Ut\"  password_confirm:\"cupidatat Ut\""}
{"level":"info","timestamp":"2026-02-23T16:36:58.263+0300","msg":"request","method":"/user_v1.UserV1/Create","req":"name:\"elitmagnairillum\"  email:\"doloreveniamconsectetur@mail.ru\"  password:\"cupidatat Ut\"  password_confirm:\"cupidatat Ut\"","res":null,"duration":0.0005075}
{"level":"error","timestamp":"2026-02-23T16:37:12.583+0300","msg":"invalid CreateRequest.Role: value must not be in list [USER]","method":"/user_v1.UserV1/Create","req":"name:\"Rlitmagnairillum\"  email:\"doloreveniamconsectetur@mail.ru\"  password:\"cupidatat Ut\"  password_confirm:\"cupidatat Ut\""}
{"level":"info","timestamp":"2026-02-23T16:37:12.583+0300","msg":"request","method":"/user_v1.UserV1/Create","req":"name:\"Rlitmagnairillum\"  email:\"doloreveniamconsectetur@mail.ru\"  password:\"cupidatat Ut\"  password_confirm:\"cupidatat Ut\"","res":null,"duration":0}
{"level":"error","timestamp":"2026-02-23T16:37:43.866+0300","msg":"rpc error: code = Unimplemented desc = method Create not implemented","method":"/user_v1.UserV1/Create","req":"name:\"Rlitmagnairillum\"  email:\"doloreveniamconsectetur@mail.ru\"  password:\"cupidatat Ut\"  password_confirm:\"cupidatat Ut\"  role:ADMIN"}
{"level":"info","timestamp":"2026-02-23T16:37:43.866+0300","msg":"request","method":"/user_v1.UserV1/Create","req":"name:\"Rlitmagnairillum\"  email:\"doloreveniamconsectetur@mail.ru\"  password:\"cupidatat Ut\"  password_confirm:\"cupidatat Ut\"  role:ADMIN","res":"<nil>","duration":0}
{"level":"error","timestamp":"2026-02-23T16:39:40.062+0300","msg":"rpc error: code = Unimplemented desc = method Create not implemented","method":"/user_v1.UserV1/Create","req":"name:\"VOVA\"  email:\"vovaloxobelsa@com\"  password:\"aliquip cupidatat in\"  password_confirm:\"aliquip cupidatat in\"  role:ADMIN"}
{"level":"info","timestamp":"2026-02-23T16:39:40.064+0300","msg":"request","method":"/user_v1.UserV1/Create","req":"name:\"VOVA\"  email:\"vovaloxobelsa@com\"  password:\"aliquip cupidatat in\"  password_confirm:\"aliquip cupidatat in\"  role:ADMIN","res":"<nil>","duration":0.001597}
{"level":"error","timestamp":"2026-02-23T16:46:23.689+0300","msg":"rpc error: code = Unimplemented desc = method Create not implemented","method":"/user_v1.UserV1/Create","req":"name:\"VOVA\"  email:\"vovaloxobelsa@com\"  password:\"aliquip cupidatat in\"  password_confirm:\"aliquip cupidatat in\"  role:ADMIN"}
{"level":"info","timestamp":"2026-02-23T16:46:23.690+0300","msg":"request","method":"/user_v1.UserV1/Create","req":"name:\"VOVA\"  email:\"vovaloxobelsa@com\"  password:\"aliquip cupidatat in\"  password_confirm:\"aliquip cupidatat in\"  role:ADMIN","res":"<nil>","duration":0.0016173}
{"level":"error","timestamp":"2026-02-23T16:47:41.117+0300","msg":"rpc error: code = Unimplemented desc = method Create not implemented","method":"/user_v1.UserV1/Create","req":"name:\"Vova\"  email:\"vgctrdvbyhuhuh@mail.ru\"  password:\"veniamcupidatatealaborum\"  password_confirm:\"veniamcupidatatealaborum\"  role:ADMIN"}
{"level":"info","timestamp":"2026-02-23T16:47:41.118+0300","msg":"request","method":"/user_v1.UserV1/Create","req":"name:\"Vova\"  email:\"vgctrdvbyhuhuh@mail.ru\"  password:\"veniamcupidatatealaborum\"  password_confirm:\"veniamcupidatatealaborum\"  role:ADMIN","res":"<nil>","duration":0.0007196}
{"level":"error","timestamp":"2026-02-23T17:03:45.426+0300","msg":"rpc error: code = Unimplemented desc = method Get not implemented","method":"/user_v1.UserV1/Get","req":"id:4"}
{"level":"info","timestamp":"2026-02-23T17:03:45.427+0300","msg":"request","method":"/user_v1.UserV1/Get","req":"id:4","res":"<nil>","duration":0.001626}
{"level":"error","timestamp":"2026-02-23T17:15:18.434+0300","msg":"rpc error: code = Unimplemented desc = method Get not implemented","method":"/user_v1.UserV1/Get","req":"id:4"}
{"level":"info","timestamp":"2026-02-23T17:15:18.436+0300","msg":"request","method":"/user_v1.UserV1/Get","req":"id:4","res":"<nil>","duration":0.0017668}
{"level":"error","timestamp":"2026-02-23T18:01:18.384+0300","msg":"rpc error: code = Unimplemented desc = method Get not implemented","method":"/user_v1.UserV1/Get","req":"id:4"}
{"level":"info","timestamp":"2026-02-23T18:01:18.407+0300","msg":"request","method":"/user_v1.UserV1/Get","req":"id:4","res":"<nil>","duration":0.0236756}
